2020-07-27 09:06:14 [restartedMain] INFO  com.nari.dhsm.DhsmApplication -Starting DhsmApplication on LAPTOP-26S97N14 with PID 13160 (D:\workspace\dhsm\target\classes started by yinyx in D:\workspace\dhsm)
2020-07-27 09:06:14 [restartedMain] DEBUG com.nari.dhsm.DhsmApplication -Running with Spring Boot v2.3.1.RELEASE, Spring v5.2.7.RELEASE
2020-07-27 09:06:14 [restartedMain] INFO  com.nari.dhsm.DhsmApplication -No active profile set, falling back to default profiles: default
2020-07-27 09:06:25 [restartedMain] INFO  com.nari.dhsm.DhsmApplication -Started DhsmApplication in 12.585 seconds (JVM running for 17.082)
2020-07-27 09:09:44 [http-nio-8090-exec-1] INFO  com.nari.dhsm.controller.UserController -==== 进行登录校验 ====
2020-07-27 09:09:45 [http-nio-8090-exec-1] DEBUG com.nari.dhsm.dao.UserMapper.loginVoCheck -==>  Preparing: SELECT count(*) FROM info_user WHERE phone = ? AND password = ? 
2020-07-27 09:09:45 [http-nio-8090-exec-1] DEBUG com.nari.dhsm.dao.UserMapper.loginVoCheck -==> Parameters: 19999999999(String), 123456(String)
2020-07-27 09:09:45 [http-nio-8090-exec-1] DEBUG com.nari.dhsm.dao.UserMapper.loginVoCheck -<==      Total: 1
2020-07-27 09:09:49 [http-nio-8090-exec-3] INFO  com.nari.dhsm.controller.TreeController -==== 获取设备列表信息 ====
2020-07-27 09:09:49 [http-nio-8090-exec-3] DEBUG com.nari.dhsm.dao.TreeDataMapper.getDeviceMap -==>  Preparing: select id, name, model, online, ip_address, alarm_flag from info_protect_device WHERE online = 1 
2020-07-27 09:09:49 [http-nio-8090-exec-3] DEBUG com.nari.dhsm.dao.TreeDataMapper.getDeviceMap -==> Parameters: 
2020-07-27 09:09:50 [http-nio-8090-exec-3] DEBUG com.nari.dhsm.dao.TreeDataMapper.getDeviceMap -<==      Total: 2
2020-07-27 09:09:51 [http-nio-8090-exec-6] INFO  com.nari.dhsm.controller.TreeController -==== 获取模块列表信息 ====
2020-07-27 09:09:51 [http-nio-8090-exec-6] DEBUG com.nari.dhsm.dao.TreeDataMapper.getHmoduleStatus -==>  Preparing: select count(*) from info_plugin_config WHERE 1=1 AND device = ? AND alarm_flag = 1 
2020-07-27 09:09:51 [http-nio-8090-exec-6] DEBUG com.nari.dhsm.dao.TreeDataMapper.getHmoduleStatus -==> Parameters: 12345678901234567890123456789126(String)
2020-07-27 09:09:51 [http-nio-8090-exec-6] DEBUG com.nari.dhsm.dao.TreeDataMapper.getHmoduleStatus -<==      Total: 1
2020-07-27 09:09:51 [http-nio-8090-exec-6] DEBUG com.nari.dhsm.dao.TreeDataMapper.getSmoduleStatus -==>  Preparing: select count(*) from dev_online_signal WHERE 1=1 AND device = ? AND alarm_flag = 1 AND src != 0 
2020-07-27 09:09:51 [http-nio-8090-exec-6] DEBUG com.nari.dhsm.dao.TreeDataMapper.getSmoduleStatus -==> Parameters: 12345678901234567890123456789126(String)
2020-07-27 09:09:52 [http-nio-8090-exec-6] DEBUG com.nari.dhsm.dao.TreeDataMapper.getSmoduleStatus -<==      Total: 1
2020-07-27 09:09:52 [http-nio-8090-exec-5] INFO  com.nari.dhsm.controller.TreeController -==== 获取信号类型信息 ====
2020-07-27 09:09:52 [http-nio-8090-exec-5] DEBUG com.nari.dhsm.dao.SignalMapper.checkFirstSignal -==>  Preparing: SELECT count(*) FROM `dev_online_signal` left join dev_monitor_signal_template on dev_online_signal.signal_id = dev_monitor_signal_template.id left join dev_combine_signal_template on dev_combine_signal_template.id = dev_online_signal.signal_id where device = ? and (dev_combine_signal_template.type = ? or dev_monitor_signal_template.type= ?) and dev_online_signal.alarm_flag = 1 
2020-07-27 09:09:52 [http-nio-8090-exec-5] DEBUG com.nari.dhsm.dao.SignalMapper.checkFirstSignal -==> Parameters: 12345678901234567890123456789126(String), 0(Integer), 0(Integer)
2020-07-27 09:09:52 [http-nio-8090-exec-5] DEBUG com.nari.dhsm.dao.SignalMapper.checkFirstSignal -<==      Total: 1
2020-07-27 09:09:52 [http-nio-8090-exec-5] DEBUG com.nari.dhsm.dao.SignalMapper.checkSecSignal -==>  Preparing: SELECT count(*) FROM `dev_online_signal` left join dev_monitor_signal_template on dev_online_signal.signal_id = dev_monitor_signal_template.id left join dev_combine_signal_template on dev_combine_signal_template.id = dev_online_signal.signal_id where device = ? and (dev_combine_signal_template.type = ? or dev_monitor_signal_template.type= ?) and dev_online_signal.alarm_flag = 1 
2020-07-27 09:09:52 [http-nio-8090-exec-5] DEBUG com.nari.dhsm.dao.SignalMapper.checkSecSignal -==> Parameters: 12345678901234567890123456789126(String), 1(Integer), 1(Integer)
2020-07-27 09:09:52 [http-nio-8090-exec-5] DEBUG com.nari.dhsm.dao.SignalMapper.checkSecSignal -<==      Total: 1
2020-07-27 09:09:52 [http-nio-8090-exec-5] DEBUG com.nari.dhsm.dao.SignalMapper.checkThirdSignal -==>  Preparing: SELECT count(*) FROM `dev_online_signal` left join dev_monitor_signal_template on dev_online_signal.signal_id = dev_monitor_signal_template.id left join dev_combine_signal_template on dev_combine_signal_template.id = dev_online_signal.signal_id where device = ? and (dev_combine_signal_template.type = ? or dev_monitor_signal_template.type= ?) and dev_online_signal.alarm_flag = 1 
2020-07-27 09:09:52 [http-nio-8090-exec-5] DEBUG com.nari.dhsm.dao.SignalMapper.checkThirdSignal -==> Parameters: 12345678901234567890123456789126(String), 2(Integer), 2(Integer)
2020-07-27 09:09:52 [http-nio-8090-exec-5] DEBUG com.nari.dhsm.dao.SignalMapper.checkThirdSignal -<==      Total: 1
2020-07-27 09:09:54 [http-nio-8090-exec-4] INFO  com.nari.dhsm.controller.TreeController -==== 获取插件列表信息 ====
2020-07-27 09:09:54 [http-nio-8090-exec-4] DEBUG com.nari.dhsm.dao.TreeDataMapper.getHardwarePluginMap -==>  Preparing: select id, device, plugin_type, slot, alarm_flag FROM info_plugin_config WHERE 1 = 1 AND device = ? 
2020-07-27 09:09:54 [http-nio-8090-exec-4] DEBUG com.nari.dhsm.dao.TreeDataMapper.getHardwarePluginMap -==> Parameters: 12345678901234567890123456789126(String)
2020-07-27 09:09:54 [http-nio-8090-exec-4] DEBUG com.nari.dhsm.dao.TreeDataMapper.getHardwarePluginMap -<==      Total: 8
2020-07-27 09:09:54 [http-nio-8090-exec-7] INFO  com.nari.dhsm.controller.SignalController -==== 获取软件信号 ====
2020-07-27 09:09:54 [http-nio-8090-exec-7] DEBUG com.nari.dhsm.dao.SignalMapper.getBlockSignalList -==>  Preparing: select DISTINCT s1.id, s1.device, s1.alarm_flag, value, signal_id, src, valid, COALESCE(s2.description,s3.description) as description, d1.model, d1.name FROM dev_online_signal s1 LEFT JOIN dev_monitor_signal_template s2 on s1.signal_id = s2.id LEFT JOIN dev_combine_signal_template s3 on s1.signal_id = s3.id LEFT JOIN info_protect_device d1 on s1.device = d1.id WHERE device = ? AND (s2.type = ? or s3.type=?) AND src != 0 
2020-07-27 09:09:54 [http-nio-8090-exec-7] DEBUG com.nari.dhsm.dao.SignalMapper.getBlockSignalList -==> Parameters: 12345678901234567890123456789126(String), 0(Integer), 0(Integer)
2020-07-27 09:09:55 [http-nio-8090-exec-7] DEBUG com.nari.dhsm.dao.SignalMapper.getBlockSignalList -<==      Total: 1
2020-07-27 09:10:50 [http-nio-8090-exec-8] INFO  com.nari.dhsm.controller.SignalController -==== 获取软件信号 ====
2020-07-27 09:10:50 [http-nio-8090-exec-8] DEBUG com.nari.dhsm.dao.SignalMapper.getBlockSignalList -==>  Preparing: select DISTINCT s1.id, s1.device, s1.alarm_flag, value, signal_id, src, valid, COALESCE(s2.description,s3.description) as description, d1.model, d1.name FROM dev_online_signal s1 LEFT JOIN dev_monitor_signal_template s2 on s1.signal_id = s2.id LEFT JOIN dev_combine_signal_template s3 on s1.signal_id = s3.id LEFT JOIN info_protect_device d1 on s1.device = d1.id WHERE device = ? AND (s2.type = ? or s3.type=?) AND src != 0 
2020-07-27 09:10:50 [http-nio-8090-exec-8] DEBUG com.nari.dhsm.dao.SignalMapper.getBlockSignalList -==> Parameters: 12345678901234567890123456789126(String), 0(Integer), 0(Integer)
2020-07-27 09:10:50 [http-nio-8090-exec-8] DEBUG com.nari.dhsm.dao.SignalMapper.getBlockSignalList -<==      Total: 1
2020-07-27 09:10:51 [http-nio-8090-exec-9] INFO  com.nari.dhsm.controller.TreeController -==== 获取模块列表信息 ====
2020-07-27 09:10:51 [http-nio-8090-exec-9] DEBUG com.nari.dhsm.dao.TreeDataMapper.getHmoduleStatus -==>  Preparing: select count(*) from info_plugin_config WHERE 1=1 AND device = ? AND alarm_flag = 1 
2020-07-27 09:10:51 [http-nio-8090-exec-9] DEBUG com.nari.dhsm.dao.TreeDataMapper.getHmoduleStatus -==> Parameters: 12345678901234567890123456789125(String)
2020-07-27 09:10:51 [http-nio-8090-exec-9] DEBUG com.nari.dhsm.dao.TreeDataMapper.getHmoduleStatus -<==      Total: 1
2020-07-27 09:10:51 [http-nio-8090-exec-9] DEBUG com.nari.dhsm.dao.TreeDataMapper.getSmoduleStatus -==>  Preparing: select count(*) from dev_online_signal WHERE 1=1 AND device = ? AND alarm_flag = 1 AND src != 0 
2020-07-27 09:10:51 [http-nio-8090-exec-9] DEBUG com.nari.dhsm.dao.TreeDataMapper.getSmoduleStatus -==> Parameters: 12345678901234567890123456789125(String)
2020-07-27 09:10:51 [http-nio-8090-exec-9] DEBUG com.nari.dhsm.dao.TreeDataMapper.getSmoduleStatus -<==      Total: 1
2020-07-27 09:10:52 [http-nio-8090-exec-10] INFO  com.nari.dhsm.controller.TreeController -==== 获取信号类型信息 ====
2020-07-27 09:10:52 [http-nio-8090-exec-10] DEBUG com.nari.dhsm.dao.SignalMapper.checkFirstSignal -==>  Preparing: SELECT count(*) FROM `dev_online_signal` left join dev_monitor_signal_template on dev_online_signal.signal_id = dev_monitor_signal_template.id left join dev_combine_signal_template on dev_combine_signal_template.id = dev_online_signal.signal_id where device = ? and (dev_combine_signal_template.type = ? or dev_monitor_signal_template.type= ?) and dev_online_signal.alarm_flag = 1 
2020-07-27 09:10:52 [http-nio-8090-exec-10] DEBUG com.nari.dhsm.dao.SignalMapper.checkFirstSignal -==> Parameters: 12345678901234567890123456789125(String), 0(Integer), 0(Integer)
2020-07-27 09:10:52 [http-nio-8090-exec-10] DEBUG com.nari.dhsm.dao.SignalMapper.checkFirstSignal -<==      Total: 1
2020-07-27 09:10:52 [http-nio-8090-exec-10] DEBUG com.nari.dhsm.dao.SignalMapper.checkSecSignal -==>  Preparing: SELECT count(*) FROM `dev_online_signal` left join dev_monitor_signal_template on dev_online_signal.signal_id = dev_monitor_signal_template.id left join dev_combine_signal_template on dev_combine_signal_template.id = dev_online_signal.signal_id where device = ? and (dev_combine_signal_template.type = ? or dev_monitor_signal_template.type= ?) and dev_online_signal.alarm_flag = 1 
2020-07-27 09:10:52 [http-nio-8090-exec-10] DEBUG com.nari.dhsm.dao.SignalMapper.checkSecSignal -==> Parameters: 12345678901234567890123456789125(String), 1(Integer), 1(Integer)
2020-07-27 09:10:52 [http-nio-8090-exec-10] DEBUG com.nari.dhsm.dao.SignalMapper.checkSecSignal -<==      Total: 1
2020-07-27 09:10:52 [http-nio-8090-exec-10] DEBUG com.nari.dhsm.dao.SignalMapper.checkThirdSignal -==>  Preparing: SELECT count(*) FROM `dev_online_signal` left join dev_monitor_signal_template on dev_online_signal.signal_id = dev_monitor_signal_template.id left join dev_combine_signal_template on dev_combine_signal_template.id = dev_online_signal.signal_id where device = ? and (dev_combine_signal_template.type = ? or dev_monitor_signal_template.type= ?) and dev_online_signal.alarm_flag = 1 
2020-07-27 09:10:52 [http-nio-8090-exec-10] DEBUG com.nari.dhsm.dao.SignalMapper.checkThirdSignal -==> Parameters: 12345678901234567890123456789125(String), 2(Integer), 2(Integer)
2020-07-27 09:10:52 [http-nio-8090-exec-10] DEBUG com.nari.dhsm.dao.SignalMapper.checkThirdSignal -<==      Total: 1
2020-07-27 09:10:53 [http-nio-8090-exec-1] INFO  com.nari.dhsm.controller.SignalController -==== 获取软件信号 ====
2020-07-27 09:10:53 [http-nio-8090-exec-1] DEBUG com.nari.dhsm.dao.SignalMapper.getBlockSignalList -==>  Preparing: select DISTINCT s1.id, s1.device, s1.alarm_flag, value, signal_id, src, valid, COALESCE(s2.description,s3.description) as description, d1.model, d1.name FROM dev_online_signal s1 LEFT JOIN dev_monitor_signal_template s2 on s1.signal_id = s2.id LEFT JOIN dev_combine_signal_template s3 on s1.signal_id = s3.id LEFT JOIN info_protect_device d1 on s1.device = d1.id WHERE device = ? AND (s2.type = ? or s3.type=?) AND src != 0 
2020-07-27 09:10:53 [http-nio-8090-exec-1] DEBUG com.nari.dhsm.dao.SignalMapper.getBlockSignalList -==> Parameters: 12345678901234567890123456789125(String), 0(Integer), 0(Integer)
2020-07-27 09:10:53 [http-nio-8090-exec-1] DEBUG com.nari.dhsm.dao.SignalMapper.getBlockSignalList -<==      Total: 7
2020-07-27 09:11:56 [http-nio-8090-exec-2] INFO  com.nari.dhsm.controller.TreeController -==== 获取插件列表信息 ====
2020-07-27 09:11:56 [http-nio-8090-exec-2] DEBUG com.nari.dhsm.dao.TreeDataMapper.getHardwarePluginMap -==>  Preparing: select id, device, plugin_type, slot, alarm_flag FROM info_plugin_config WHERE 1 = 1 AND device = ? 
2020-07-27 09:11:56 [http-nio-8090-exec-2] DEBUG com.nari.dhsm.dao.TreeDataMapper.getHardwarePluginMap -==> Parameters: 12345678901234567890123456789125(String)
2020-07-27 09:11:56 [http-nio-8090-exec-2] DEBUG com.nari.dhsm.dao.TreeDataMapper.getHardwarePluginMap -<==      Total: 0
2020-07-27 09:12:01 [http-nio-8090-exec-3] INFO  com.nari.dhsm.controller.HardwareController -==== 获取ADC实时量 ====
2020-07-27 09:12:01 [http-nio-8090-exec-3] DEBUG com.nari.dhsm.dao.HardwareMapper.getAdcOnlineList -==>  Preparing: SELECT d1.id ,d1.device ,d1.board_id ,d1.alarm_flag ,d1.value ,d1.signal_id ,d1.src ,d1.valid ,i1.model ,i1.name ,b1.slot ,b1.plugin_type ,d2.value_type from dev_online_signal d1 left join info_protect_device i1 on d1.device = i1.id left join dev_hardware_template d2 on d1.signal_id = d2.id left join info_plugin_config b1 on d1.board_id = b1.id WHERE d1.device = ? AND b1.slot = ? AND d2.plugin_type = 'ADC' ORDER BY d1.signal_id 
2020-07-27 09:12:01 [http-nio-8090-exec-3] DEBUG com.nari.dhsm.dao.HardwareMapper.getAdcOnlineList -==> Parameters: 12345678901234567890123456789126(String), 3(Integer)
2020-07-27 09:12:01 [http-nio-8090-exec-3] DEBUG com.nari.dhsm.dao.HardwareMapper.getAdcOnlineList -<==      Total: 2
2020-07-27 09:12:01 [http-nio-8090-exec-6] INFO  com.nari.dhsm.controller.HardwareController -==== 按类型获取插件模板量 ====
2020-07-27 09:12:01 [http-nio-8090-exec-6] DEBUG com.nari.dhsm.dao.HardwareMapper.getPluginTemplate -==>  Preparing: SELECT id ,plugin_type ,monitor_item ,value_type ,value_unit ,max_value ,min_value ,typical_value ,alarm_threshold ,monitor_mode ,belong_flag ,default_value from dev_hardware_template WHERE plugin_type = ? ORDER BY id 
2020-07-27 09:12:01 [http-nio-8090-exec-6] DEBUG com.nari.dhsm.dao.HardwareMapper.getPluginTemplate -==> Parameters: ADC(String)
2020-07-27 09:12:01 [http-nio-8090-exec-6] DEBUG com.nari.dhsm.dao.HardwareMapper.getPluginTemplate -<==      Total: 2
2020-07-27 09:12:03 [http-nio-8090-exec-5] INFO  com.nari.dhsm.controller.HardwareController -==== 获取PWR实时量 ====
2020-07-27 09:12:03 [http-nio-8090-exec-5] DEBUG com.nari.dhsm.dao.HardwareMapper.getPwrOnlineList -==>  Preparing: SELECT d1.id ,d1.device ,d1.board_id ,d1.alarm_flag ,d1.value ,d1.signal_id ,d1.src ,d1.valid ,i1.model ,i1.name ,b1.slot ,b1.plugin_type ,d2.value_type from dev_online_signal d1 left join info_protect_device i1 on d1.device = i1.id left join dev_hardware_template d2 on d1.signal_id = d2.id left join info_plugin_config b1 on d1.board_id = b1.id WHERE d1.device = ? AND b1.slot = ? AND d2.plugin_type = 'PWR' ORDER BY d1.signal_id 
2020-07-27 09:12:03 [http-nio-8090-exec-5] DEBUG com.nari.dhsm.dao.HardwareMapper.getPwrOnlineList -==> Parameters: 12345678901234567890123456789126(String), 2(Integer)
2020-07-27 09:12:03 [http-nio-8090-exec-5] DEBUG com.nari.dhsm.dao.HardwareMapper.getPwrOnlineList -<==      Total: 5
2020-07-27 09:12:03 [http-nio-8090-exec-4] INFO  com.nari.dhsm.controller.HardwareController -==== 按类型获取插件模板量 ====
2020-07-27 09:12:03 [http-nio-8090-exec-4] DEBUG com.nari.dhsm.dao.HardwareMapper.getPluginTemplate -==>  Preparing: SELECT id ,plugin_type ,monitor_item ,value_type ,value_unit ,max_value ,min_value ,typical_value ,alarm_threshold ,monitor_mode ,belong_flag ,default_value from dev_hardware_template WHERE plugin_type = ? ORDER BY id 
2020-07-27 09:12:03 [http-nio-8090-exec-4] DEBUG com.nari.dhsm.dao.HardwareMapper.getPluginTemplate -==> Parameters: PWR(String)
2020-07-27 09:12:03 [http-nio-8090-exec-4] DEBUG com.nari.dhsm.dao.HardwareMapper.getPluginTemplate -<==      Total: 8
2020-07-27 09:12:44 [http-nio-8090-exec-7] INFO  com.nari.dhsm.controller.HardwareController -==== 按类型获取插件模板量 ====
2020-07-27 09:12:44 [http-nio-8090-exec-7] DEBUG com.nari.dhsm.dao.HardwareMapper.getPluginTemplate -==>  Preparing: SELECT id ,plugin_type ,monitor_item ,value_type ,value_unit ,max_value ,min_value ,typical_value ,alarm_threshold ,monitor_mode ,belong_flag ,default_value from dev_hardware_template WHERE plugin_type = ? ORDER BY id 
2020-07-27 09:12:44 [http-nio-8090-exec-7] DEBUG com.nari.dhsm.dao.HardwareMapper.getPluginTemplate -==> Parameters: PWR(String)
2020-07-27 09:12:44 [http-nio-8090-exec-7] DEBUG com.nari.dhsm.dao.HardwareMapper.getPluginTemplate -<==      Total: 8
2020-07-27 09:12:57 [http-nio-8090-exec-8] INFO  com.nari.dhsm.controller.HardwareController -==== 按类型获取插件模板量 ====
2020-07-27 09:12:57 [http-nio-8090-exec-8] DEBUG com.nari.dhsm.dao.HardwareMapper.getPluginTemplate -==>  Preparing: SELECT id ,plugin_type ,monitor_item ,value_type ,value_unit ,max_value ,min_value ,typical_value ,alarm_threshold ,monitor_mode ,belong_flag ,default_value from dev_hardware_template WHERE plugin_type = ? ORDER BY id 
2020-07-27 09:12:57 [http-nio-8090-exec-8] DEBUG com.nari.dhsm.dao.HardwareMapper.getPluginTemplate -==> Parameters: PWR(String)
2020-07-27 09:12:57 [http-nio-8090-exec-8] DEBUG com.nari.dhsm.dao.HardwareMapper.getPluginTemplate -<==      Total: 8
2020-07-27 09:13:13 [http-nio-8090-exec-9] INFO  com.nari.dhsm.controller.TreeController -==== 获取设备列表信息 ====
2020-07-27 09:13:13 [http-nio-8090-exec-9] DEBUG com.nari.dhsm.dao.TreeDataMapper.getDeviceMap -==>  Preparing: select id, name, model, online, ip_address, alarm_flag from info_protect_device WHERE online = 1 
2020-07-27 09:13:13 [http-nio-8090-exec-9] DEBUG com.nari.dhsm.dao.TreeDataMapper.getDeviceMap -==> Parameters: 
2020-07-27 09:13:13 [http-nio-8090-exec-9] DEBUG com.nari.dhsm.dao.TreeDataMapper.getDeviceMap -<==      Total: 2
2020-07-27 09:13:14 [http-nio-8090-exec-10] INFO  com.nari.dhsm.controller.TreeController -==== 获取模块列表信息 ====
2020-07-27 09:13:14 [http-nio-8090-exec-10] DEBUG com.nari.dhsm.dao.TreeDataMapper.getHmoduleStatus -==>  Preparing: select count(*) from info_plugin_config WHERE 1=1 AND device = ? AND alarm_flag = 1 
2020-07-27 09:13:14 [http-nio-8090-exec-10] DEBUG com.nari.dhsm.dao.TreeDataMapper.getHmoduleStatus -==> Parameters: 12345678901234567890123456789125(String)
2020-07-27 09:13:14 [http-nio-8090-exec-10] DEBUG com.nari.dhsm.dao.TreeDataMapper.getHmoduleStatus -<==      Total: 1
2020-07-27 09:13:14 [http-nio-8090-exec-10] DEBUG com.nari.dhsm.dao.TreeDataMapper.getSmoduleStatus -==>  Preparing: select count(*) from dev_online_signal WHERE 1=1 AND device = ? AND alarm_flag = 1 AND src != 0 
2020-07-27 09:13:14 [http-nio-8090-exec-10] DEBUG com.nari.dhsm.dao.TreeDataMapper.getSmoduleStatus -==> Parameters: 12345678901234567890123456789125(String)
2020-07-27 09:13:14 [http-nio-8090-exec-10] DEBUG com.nari.dhsm.dao.TreeDataMapper.getSmoduleStatus -<==      Total: 1
2020-07-27 09:13:15 [http-nio-8090-exec-1] INFO  com.nari.dhsm.controller.TreeController -==== 获取信号类型信息 ====
2020-07-27 09:13:15 [http-nio-8090-exec-1] DEBUG com.nari.dhsm.dao.SignalMapper.checkFirstSignal -==>  Preparing: SELECT count(*) FROM `dev_online_signal` left join dev_monitor_signal_template on dev_online_signal.signal_id = dev_monitor_signal_template.id left join dev_combine_signal_template on dev_combine_signal_template.id = dev_online_signal.signal_id where device = ? and (dev_combine_signal_template.type = ? or dev_monitor_signal_template.type= ?) and dev_online_signal.alarm_flag = 1 
2020-07-27 09:13:15 [http-nio-8090-exec-1] DEBUG com.nari.dhsm.dao.SignalMapper.checkFirstSignal -==> Parameters: 12345678901234567890123456789125(String), 0(Integer), 0(Integer)
2020-07-27 09:13:15 [http-nio-8090-exec-1] DEBUG com.nari.dhsm.dao.SignalMapper.checkFirstSignal -<==      Total: 1
2020-07-27 09:13:15 [http-nio-8090-exec-1] DEBUG com.nari.dhsm.dao.SignalMapper.checkSecSignal -==>  Preparing: SELECT count(*) FROM `dev_online_signal` left join dev_monitor_signal_template on dev_online_signal.signal_id = dev_monitor_signal_template.id left join dev_combine_signal_template on dev_combine_signal_template.id = dev_online_signal.signal_id where device = ? and (dev_combine_signal_template.type = ? or dev_monitor_signal_template.type= ?) and dev_online_signal.alarm_flag = 1 
2020-07-27 09:13:15 [http-nio-8090-exec-1] DEBUG com.nari.dhsm.dao.SignalMapper.checkSecSignal -==> Parameters: 12345678901234567890123456789125(String), 1(Integer), 1(Integer)
2020-07-27 09:13:15 [http-nio-8090-exec-1] DEBUG com.nari.dhsm.dao.SignalMapper.checkSecSignal -<==      Total: 1
2020-07-27 09:13:15 [http-nio-8090-exec-1] DEBUG com.nari.dhsm.dao.SignalMapper.checkThirdSignal -==>  Preparing: SELECT count(*) FROM `dev_online_signal` left join dev_monitor_signal_template on dev_online_signal.signal_id = dev_monitor_signal_template.id left join dev_combine_signal_template on dev_combine_signal_template.id = dev_online_signal.signal_id where device = ? and (dev_combine_signal_template.type = ? or dev_monitor_signal_template.type= ?) and dev_online_signal.alarm_flag = 1 
2020-07-27 09:13:15 [http-nio-8090-exec-1] DEBUG com.nari.dhsm.dao.SignalMapper.checkThirdSignal -==> Parameters: 12345678901234567890123456789125(String), 2(Integer), 2(Integer)
2020-07-27 09:13:15 [http-nio-8090-exec-1] DEBUG com.nari.dhsm.dao.SignalMapper.checkThirdSignal -<==      Total: 1
2020-07-27 09:13:16 [http-nio-8090-exec-2] INFO  com.nari.dhsm.controller.TreeController -==== 获取插件列表信息 ====
2020-07-27 09:13:16 [http-nio-8090-exec-2] DEBUG com.nari.dhsm.dao.TreeDataMapper.getHardwarePluginMap -==>  Preparing: select id, device, plugin_type, slot, alarm_flag FROM info_plugin_config WHERE 1 = 1 AND device = ? 
2020-07-27 09:13:16 [http-nio-8090-exec-2] DEBUG com.nari.dhsm.dao.TreeDataMapper.getHardwarePluginMap -==> Parameters: 12345678901234567890123456789125(String)
2020-07-27 09:13:16 [http-nio-8090-exec-2] DEBUG com.nari.dhsm.dao.TreeDataMapper.getHardwarePluginMap -<==      Total: 0
2020-07-27 09:13:17 [http-nio-8090-exec-3] INFO  com.nari.dhsm.controller.SignalController -==== 获取软件信号 ====
2020-07-27 09:13:17 [http-nio-8090-exec-3] DEBUG com.nari.dhsm.dao.SignalMapper.getBlockSignalList -==>  Preparing: select DISTINCT s1.id, s1.device, s1.alarm_flag, value, signal_id, src, valid, COALESCE(s2.description,s3.description) as description, d1.model, d1.name FROM dev_online_signal s1 LEFT JOIN dev_monitor_signal_template s2 on s1.signal_id = s2.id LEFT JOIN dev_combine_signal_template s3 on s1.signal_id = s3.id LEFT JOIN info_protect_device d1 on s1.device = d1.id WHERE device = ? AND (s2.type = ? or s3.type=?) AND src != 0 
2020-07-27 09:13:17 [http-nio-8090-exec-3] DEBUG com.nari.dhsm.dao.SignalMapper.getBlockSignalList -==> Parameters: 12345678901234567890123456789125(String), 2(Integer), 2(Integer)
2020-07-27 09:13:17 [http-nio-8090-exec-3] DEBUG com.nari.dhsm.dao.SignalMapper.getBlockSignalList -<==      Total: 1
2020-07-27 09:13:18 [http-nio-8090-exec-6] INFO  com.nari.dhsm.controller.TreeController -==== 获取模块列表信息 ====
2020-07-27 09:13:18 [http-nio-8090-exec-6] DEBUG com.nari.dhsm.dao.TreeDataMapper.getHmoduleStatus -==>  Preparing: select count(*) from info_plugin_config WHERE 1=1 AND device = ? AND alarm_flag = 1 
2020-07-27 09:13:18 [http-nio-8090-exec-6] DEBUG com.nari.dhsm.dao.TreeDataMapper.getHmoduleStatus -==> Parameters: 12345678901234567890123456789126(String)
2020-07-27 09:13:18 [http-nio-8090-exec-6] DEBUG com.nari.dhsm.dao.TreeDataMapper.getHmoduleStatus -<==      Total: 1
2020-07-27 09:13:18 [http-nio-8090-exec-6] DEBUG com.nari.dhsm.dao.TreeDataMapper.getSmoduleStatus -==>  Preparing: select count(*) from dev_online_signal WHERE 1=1 AND device = ? AND alarm_flag = 1 AND src != 0 
2020-07-27 09:13:18 [http-nio-8090-exec-6] DEBUG com.nari.dhsm.dao.TreeDataMapper.getSmoduleStatus -==> Parameters: 12345678901234567890123456789126(String)
2020-07-27 09:13:18 [http-nio-8090-exec-6] DEBUG com.nari.dhsm.dao.TreeDataMapper.getSmoduleStatus -<==      Total: 1
2020-07-27 09:13:19 [http-nio-8090-exec-5] INFO  com.nari.dhsm.controller.TreeController -==== 获取插件列表信息 ====
2020-07-27 09:13:19 [http-nio-8090-exec-5] DEBUG com.nari.dhsm.dao.TreeDataMapper.getHardwarePluginMap -==>  Preparing: select id, device, plugin_type, slot, alarm_flag FROM info_plugin_config WHERE 1 = 1 AND device = ? 
2020-07-27 09:13:19 [http-nio-8090-exec-5] DEBUG com.nari.dhsm.dao.TreeDataMapper.getHardwarePluginMap -==> Parameters: 12345678901234567890123456789126(String)
2020-07-27 09:13:19 [http-nio-8090-exec-5] DEBUG com.nari.dhsm.dao.TreeDataMapper.getHardwarePluginMap -<==      Total: 8
2020-07-27 09:13:21 [http-nio-8090-exec-4] INFO  com.nari.dhsm.controller.HardwareController -==== 获取BI实时量 ====
2020-07-27 09:13:21 [http-nio-8090-exec-4] DEBUG com.nari.dhsm.dao.HardwareMapper.getBiOnlineList -==>  Preparing: SELECT d1.id ,d1.device ,d1.board_id ,d1.alarm_flag ,d1.value ,d1.signal_id ,d1.src ,d1.valid ,i1.model ,i1.name ,b1.slot ,b1.plugin_type ,d2.value_type from dev_online_signal d1 left join info_protect_device i1 on d1.device = i1.id left join dev_hardware_template d2 on d1.signal_id = d2.id left join info_plugin_config b1 on d1.board_id = b1.id WHERE d1.device = ? AND b1.slot = ? AND d2.plugin_type = '智能BI' ORDER BY d1.signal_id 
2020-07-27 09:13:21 [http-nio-8090-exec-4] DEBUG com.nari.dhsm.dao.HardwareMapper.getBiOnlineList -==> Parameters: 12345678901234567890123456789126(String), 6(Integer)
2020-07-27 09:13:21 [http-nio-8090-exec-4] DEBUG com.nari.dhsm.dao.HardwareMapper.getBiOnlineList -<==      Total: 2
2020-07-27 09:13:21 [http-nio-8090-exec-7] INFO  com.nari.dhsm.controller.HardwareController -==== 按类型获取插件模板量 ====
2020-07-27 09:13:21 [http-nio-8090-exec-7] DEBUG com.nari.dhsm.dao.HardwareMapper.getPluginTemplate -==>  Preparing: SELECT id ,plugin_type ,monitor_item ,value_type ,value_unit ,max_value ,min_value ,typical_value ,alarm_threshold ,monitor_mode ,belong_flag ,default_value from dev_hardware_template WHERE plugin_type = ? ORDER BY id 
2020-07-27 09:13:21 [http-nio-8090-exec-7] DEBUG com.nari.dhsm.dao.HardwareMapper.getPluginTemplate -==> Parameters: 智能BI(String)
2020-07-27 09:13:21 [http-nio-8090-exec-7] DEBUG com.nari.dhsm.dao.HardwareMapper.getPluginTemplate -<==      Total: 2
2020-07-27 09:13:21 [http-nio-8090-exec-8] INFO  com.nari.dhsm.controller.HardwareController -==== 获取PWR实时量 ====
2020-07-27 09:13:21 [http-nio-8090-exec-8] DEBUG com.nari.dhsm.dao.HardwareMapper.getPwrOnlineList -==>  Preparing: SELECT d1.id ,d1.device ,d1.board_id ,d1.alarm_flag ,d1.value ,d1.signal_id ,d1.src ,d1.valid ,i1.model ,i1.name ,b1.slot ,b1.plugin_type ,d2.value_type from dev_online_signal d1 left join info_protect_device i1 on d1.device = i1.id left join dev_hardware_template d2 on d1.signal_id = d2.id left join info_plugin_config b1 on d1.board_id = b1.id WHERE d1.device = ? AND b1.slot = ? AND d2.plugin_type = 'PWR' ORDER BY d1.signal_id 
2020-07-27 09:13:21 [http-nio-8090-exec-8] DEBUG com.nari.dhsm.dao.HardwareMapper.getPwrOnlineList -==> Parameters: 12345678901234567890123456789126(String), 2(Integer)
2020-07-27 09:13:21 [http-nio-8090-exec-8] DEBUG com.nari.dhsm.dao.HardwareMapper.getPwrOnlineList -<==      Total: 5
2020-07-27 09:13:22 [http-nio-8090-exec-9] INFO  com.nari.dhsm.controller.HardwareController -==== 按类型获取插件模板量 ====
2020-07-27 09:13:22 [http-nio-8090-exec-9] DEBUG com.nari.dhsm.dao.HardwareMapper.getPluginTemplate -==>  Preparing: SELECT id ,plugin_type ,monitor_item ,value_type ,value_unit ,max_value ,min_value ,typical_value ,alarm_threshold ,monitor_mode ,belong_flag ,default_value from dev_hardware_template WHERE plugin_type = ? ORDER BY id 
2020-07-27 09:13:22 [http-nio-8090-exec-9] DEBUG com.nari.dhsm.dao.HardwareMapper.getPluginTemplate -==> Parameters: PWR(String)
2020-07-27 09:13:22 [http-nio-8090-exec-9] DEBUG com.nari.dhsm.dao.HardwareMapper.getPluginTemplate -<==      Total: 8
2020-07-27 09:15:03 [http-nio-8090-exec-10] INFO  com.nari.dhsm.controller.TreeController -==== 获取设备列表信息 ====
2020-07-27 09:15:03 [http-nio-8090-exec-10] DEBUG com.nari.dhsm.dao.TreeDataMapper.getDeviceMap -==>  Preparing: select id, name, model, online, ip_address, alarm_flag from info_protect_device WHERE online = 1 
2020-07-27 09:15:03 [http-nio-8090-exec-10] DEBUG com.nari.dhsm.dao.TreeDataMapper.getDeviceMap -==> Parameters: 
2020-07-27 09:15:03 [http-nio-8090-exec-10] DEBUG com.nari.dhsm.dao.TreeDataMapper.getDeviceMap -<==      Total: 2
2020-07-27 09:15:05 [http-nio-8090-exec-1] INFO  com.nari.dhsm.controller.TreeController -==== 获取模块列表信息 ====
2020-07-27 09:15:05 [http-nio-8090-exec-1] DEBUG com.nari.dhsm.dao.TreeDataMapper.getHmoduleStatus -==>  Preparing: select count(*) from info_plugin_config WHERE 1=1 AND device = ? AND alarm_flag = 1 
2020-07-27 09:15:05 [http-nio-8090-exec-1] DEBUG com.nari.dhsm.dao.TreeDataMapper.getHmoduleStatus -==> Parameters: 12345678901234567890123456789126(String)
2020-07-27 09:15:05 [http-nio-8090-exec-1] DEBUG com.nari.dhsm.dao.TreeDataMapper.getHmoduleStatus -<==      Total: 1
2020-07-27 09:15:05 [http-nio-8090-exec-1] DEBUG com.nari.dhsm.dao.TreeDataMapper.getSmoduleStatus -==>  Preparing: select count(*) from dev_online_signal WHERE 1=1 AND device = ? AND alarm_flag = 1 AND src != 0 
2020-07-27 09:15:05 [http-nio-8090-exec-1] DEBUG com.nari.dhsm.dao.TreeDataMapper.getSmoduleStatus -==> Parameters: 12345678901234567890123456789126(String)
2020-07-27 09:15:05 [http-nio-8090-exec-1] DEBUG com.nari.dhsm.dao.TreeDataMapper.getSmoduleStatus -<==      Total: 1
2020-07-27 09:15:06 [http-nio-8090-exec-2] INFO  com.nari.dhsm.controller.TreeController -==== 获取插件列表信息 ====
2020-07-27 09:15:06 [http-nio-8090-exec-2] DEBUG com.nari.dhsm.dao.TreeDataMapper.getHardwarePluginMap -==>  Preparing: select id, device, plugin_type, slot, alarm_flag FROM info_plugin_config WHERE 1 = 1 AND device = ? 
2020-07-27 09:15:06 [http-nio-8090-exec-2] DEBUG com.nari.dhsm.dao.TreeDataMapper.getHardwarePluginMap -==> Parameters: 12345678901234567890123456789126(String)
2020-07-27 09:15:06 [http-nio-8090-exec-2] DEBUG com.nari.dhsm.dao.TreeDataMapper.getHardwarePluginMap -<==      Total: 8
2020-07-27 09:15:07 [http-nio-8090-exec-3] INFO  com.nari.dhsm.controller.HardwareController -==== 获取PWR实时量 ====
2020-07-27 09:15:07 [http-nio-8090-exec-3] DEBUG com.nari.dhsm.dao.HardwareMapper.getPwrOnlineList -==>  Preparing: SELECT d1.id ,d1.device ,d1.board_id ,d1.alarm_flag ,d1.value ,d1.signal_id ,d1.src ,d1.valid ,i1.model ,i1.name ,b1.slot ,b1.plugin_type ,d2.value_type from dev_online_signal d1 left join info_protect_device i1 on d1.device = i1.id left join dev_hardware_template d2 on d1.signal_id = d2.id left join info_plugin_config b1 on d1.board_id = b1.id WHERE d1.device = ? AND b1.slot = ? AND d2.plugin_type = 'PWR' ORDER BY d1.signal_id 
2020-07-27 09:15:07 [http-nio-8090-exec-3] DEBUG com.nari.dhsm.dao.HardwareMapper.getPwrOnlineList -==> Parameters: 12345678901234567890123456789126(String), 2(Integer)
2020-07-27 09:15:07 [http-nio-8090-exec-3] DEBUG com.nari.dhsm.dao.HardwareMapper.getPwrOnlineList -<==      Total: 5
2020-07-27 09:15:07 [http-nio-8090-exec-6] INFO  com.nari.dhsm.controller.HardwareController -==== 按类型获取插件模板量 ====
2020-07-27 09:15:07 [http-nio-8090-exec-6] DEBUG com.nari.dhsm.dao.HardwareMapper.getPluginTemplate -==>  Preparing: SELECT id ,plugin_type ,monitor_item ,value_type ,value_unit ,max_value ,min_value ,typical_value ,alarm_threshold ,monitor_mode ,belong_flag ,default_value from dev_hardware_template WHERE plugin_type = ? ORDER BY id 
2020-07-27 09:15:07 [http-nio-8090-exec-6] DEBUG com.nari.dhsm.dao.HardwareMapper.getPluginTemplate -==> Parameters: PWR(String)
2020-07-27 09:15:07 [http-nio-8090-exec-6] DEBUG com.nari.dhsm.dao.HardwareMapper.getPluginTemplate -<==      Total: 8
2020-07-27 09:19:11 [http-nio-8090-exec-4] INFO  com.nari.dhsm.controller.TreeController -==== 获取设备列表信息 ====
2020-07-27 09:19:11 [http-nio-8090-exec-4] DEBUG com.nari.dhsm.dao.TreeDataMapper.getDeviceMap -==>  Preparing: select id, name, model, online, ip_address, alarm_flag from info_protect_device WHERE online = 1 
2020-07-27 09:19:11 [http-nio-8090-exec-4] DEBUG com.nari.dhsm.dao.TreeDataMapper.getDeviceMap -==> Parameters: 
2020-07-27 09:19:11 [http-nio-8090-exec-4] DEBUG com.nari.dhsm.dao.TreeDataMapper.getDeviceMap -<==      Total: 2
2020-07-27 09:19:13 [http-nio-8090-exec-7] INFO  com.nari.dhsm.controller.TreeController -==== 获取模块列表信息 ====
2020-07-27 09:19:13 [http-nio-8090-exec-7] DEBUG com.nari.dhsm.dao.TreeDataMapper.getHmoduleStatus -==>  Preparing: select count(*) from info_plugin_config WHERE 1=1 AND device = ? AND alarm_flag = 1 
2020-07-27 09:19:13 [http-nio-8090-exec-7] DEBUG com.nari.dhsm.dao.TreeDataMapper.getHmoduleStatus -==> Parameters: 12345678901234567890123456789125(String)
2020-07-27 09:19:13 [http-nio-8090-exec-7] DEBUG com.nari.dhsm.dao.TreeDataMapper.getHmoduleStatus -<==      Total: 1
2020-07-27 09:19:13 [http-nio-8090-exec-7] DEBUG com.nari.dhsm.dao.TreeDataMapper.getSmoduleStatus -==>  Preparing: select count(*) from dev_online_signal WHERE 1=1 AND device = ? AND alarm_flag = 1 AND src != 0 
2020-07-27 09:19:13 [http-nio-8090-exec-7] DEBUG com.nari.dhsm.dao.TreeDataMapper.getSmoduleStatus -==> Parameters: 12345678901234567890123456789125(String)
2020-07-27 09:19:13 [http-nio-8090-exec-7] DEBUG com.nari.dhsm.dao.TreeDataMapper.getSmoduleStatus -<==      Total: 1
2020-07-27 09:19:15 [http-nio-8090-exec-8] INFO  com.nari.dhsm.controller.TreeController -==== 获取模块列表信息 ====
2020-07-27 09:19:15 [http-nio-8090-exec-8] DEBUG com.nari.dhsm.dao.TreeDataMapper.getHmoduleStatus -==>  Preparing: select count(*) from info_plugin_config WHERE 1=1 AND device = ? AND alarm_flag = 1 
2020-07-27 09:19:15 [http-nio-8090-exec-8] DEBUG com.nari.dhsm.dao.TreeDataMapper.getHmoduleStatus -==> Parameters: 12345678901234567890123456789126(String)
2020-07-27 09:19:15 [http-nio-8090-exec-8] DEBUG com.nari.dhsm.dao.TreeDataMapper.getHmoduleStatus -<==      Total: 1
2020-07-27 09:19:15 [http-nio-8090-exec-8] DEBUG com.nari.dhsm.dao.TreeDataMapper.getSmoduleStatus -==>  Preparing: select count(*) from dev_online_signal WHERE 1=1 AND device = ? AND alarm_flag = 1 AND src != 0 
2020-07-27 09:19:15 [http-nio-8090-exec-8] DEBUG com.nari.dhsm.dao.TreeDataMapper.getSmoduleStatus -==> Parameters: 12345678901234567890123456789126(String)
2020-07-27 09:19:15 [http-nio-8090-exec-8] DEBUG com.nari.dhsm.dao.TreeDataMapper.getSmoduleStatus -<==      Total: 1
2020-07-27 09:19:16 [http-nio-8090-exec-9] INFO  com.nari.dhsm.controller.TreeController -==== 获取插件列表信息 ====
2020-07-27 09:19:16 [http-nio-8090-exec-9] DEBUG com.nari.dhsm.dao.TreeDataMapper.getHardwarePluginMap -==>  Preparing: select id, device, plugin_type, slot, alarm_flag FROM info_plugin_config WHERE 1 = 1 AND device = ? 
2020-07-27 09:19:16 [http-nio-8090-exec-9] DEBUG com.nari.dhsm.dao.TreeDataMapper.getHardwarePluginMap -==> Parameters: 12345678901234567890123456789126(String)
2020-07-27 09:19:16 [http-nio-8090-exec-9] DEBUG com.nari.dhsm.dao.TreeDataMapper.getHardwarePluginMap -<==      Total: 8
2020-07-27 09:19:17 [http-nio-8090-exec-10] INFO  com.nari.dhsm.controller.HardwareController -==== 获取PWR实时量 ====
2020-07-27 09:19:17 [http-nio-8090-exec-10] DEBUG com.nari.dhsm.dao.HardwareMapper.getPwrOnlineList -==>  Preparing: SELECT d1.id ,d1.device ,d1.board_id ,d1.alarm_flag ,d1.value ,d1.signal_id ,d1.src ,d1.valid ,i1.model ,i1.name ,b1.slot ,b1.plugin_type ,d2.value_type from dev_online_signal d1 left join info_protect_device i1 on d1.device = i1.id left join dev_hardware_template d2 on d1.signal_id = d2.id left join info_plugin_config b1 on d1.board_id = b1.id WHERE d1.device = ? AND b1.slot = ? AND d2.plugin_type = 'PWR' ORDER BY d1.signal_id 
2020-07-27 09:19:17 [http-nio-8090-exec-10] DEBUG com.nari.dhsm.dao.HardwareMapper.getPwrOnlineList -==> Parameters: 12345678901234567890123456789126(String), 2(Integer)
2020-07-27 09:19:17 [http-nio-8090-exec-10] DEBUG com.nari.dhsm.dao.HardwareMapper.getPwrOnlineList -<==      Total: 5
2020-07-27 09:19:17 [http-nio-8090-exec-1] INFO  com.nari.dhsm.controller.HardwareController -==== 按类型获取插件模板量 ====
2020-07-27 09:19:17 [http-nio-8090-exec-1] DEBUG com.nari.dhsm.dao.HardwareMapper.getPluginTemplate -==>  Preparing: SELECT id ,plugin_type ,monitor_item ,value_type ,value_unit ,max_value ,min_value ,typical_value ,alarm_threshold ,monitor_mode ,belong_flag ,default_value from dev_hardware_template WHERE plugin_type = ? ORDER BY id 
2020-07-27 09:19:17 [http-nio-8090-exec-1] DEBUG com.nari.dhsm.dao.HardwareMapper.getPluginTemplate -==> Parameters: PWR(String)
2020-07-27 09:19:17 [http-nio-8090-exec-1] DEBUG com.nari.dhsm.dao.HardwareMapper.getPluginTemplate -<==      Total: 8
2020-07-27 09:19:24 [http-nio-8090-exec-2] INFO  com.nari.dhsm.controller.HardwareController -==== 按类型获取插件模板量 ====
2020-07-27 09:19:24 [http-nio-8090-exec-2] DEBUG com.nari.dhsm.dao.HardwareMapper.getPluginTemplate -==>  Preparing: SELECT id ,plugin_type ,monitor_item ,value_type ,value_unit ,max_value ,min_value ,typical_value ,alarm_threshold ,monitor_mode ,belong_flag ,default_value from dev_hardware_template WHERE plugin_type = ? ORDER BY id 
2020-07-27 09:19:24 [http-nio-8090-exec-2] DEBUG com.nari.dhsm.dao.HardwareMapper.getPluginTemplate -==> Parameters: PWR(String)
2020-07-27 09:19:24 [http-nio-8090-exec-2] DEBUG com.nari.dhsm.dao.HardwareMapper.getPluginTemplate -<==      Total: 8
2020-07-27 09:22:33 [http-nio-8090-exec-3] INFO  com.nari.dhsm.controller.HardwareController -==== 按类型获取插件模板量 ====
2020-07-27 09:22:33 [http-nio-8090-exec-3] DEBUG com.nari.dhsm.dao.HardwareMapper.getPluginTemplate -==>  Preparing: SELECT id ,plugin_type ,monitor_item ,value_type ,value_unit ,max_value ,min_value ,typical_value ,alarm_threshold ,monitor_mode ,belong_flag ,default_value from dev_hardware_template WHERE plugin_type = ? ORDER BY id 
2020-07-27 09:22:33 [http-nio-8090-exec-3] DEBUG com.nari.dhsm.dao.HardwareMapper.getPluginTemplate -==> Parameters: PWR(String)
2020-07-27 09:22:33 [http-nio-8090-exec-3] DEBUG com.nari.dhsm.dao.HardwareMapper.getPluginTemplate -<==      Total: 8
2020-07-27 09:22:38 [http-nio-8090-exec-5] INFO  com.nari.dhsm.controller.HardwareController -==== 按类型获取插件模板量 ====
2020-07-27 09:22:38 [http-nio-8090-exec-5] DEBUG com.nari.dhsm.dao.HardwareMapper.getPluginTemplate -==>  Preparing: SELECT id ,plugin_type ,monitor_item ,value_type ,value_unit ,max_value ,min_value ,typical_value ,alarm_threshold ,monitor_mode ,belong_flag ,default_value from dev_hardware_template WHERE plugin_type = ? ORDER BY id 
2020-07-27 09:22:38 [http-nio-8090-exec-5] DEBUG com.nari.dhsm.dao.HardwareMapper.getPluginTemplate -==> Parameters: 机箱(String)
2020-07-27 09:22:38 [http-nio-8090-exec-5] DEBUG com.nari.dhsm.dao.HardwareMapper.getPluginTemplate -<==      Total: 2
2020-07-27 09:22:53 [http-nio-8090-exec-4] INFO  com.nari.dhsm.controller.HardwareController -==== 获取SV/GOOSE实时量 ====
2020-07-27 09:22:53 [http-nio-8090-exec-4] DEBUG com.nari.dhsm.dao.HardwareMapper.getSvOnlineList -==>  Preparing: SELECT d1.id ,d1.device ,d1.board_id ,d1.alarm_flag ,d1.value ,d1.signal_id ,d1.src ,d1.valid ,i1.model ,i1.name ,b1.slot ,b1.plugin_type ,d2.value_type from dev_online_signal d1 left join info_protect_device i1 on d1.device = i1.id left join dev_hardware_template d2 on d1.signal_id = d2.id left join info_plugin_config b1 on d1.board_id = b1.id WHERE d1.device = ? AND b1.slot = ? AND d2.plugin_type = 'SV/GOOSE' ORDER BY d1.signal_id 
2020-07-27 09:22:53 [http-nio-8090-exec-4] DEBUG com.nari.dhsm.dao.HardwareMapper.getSvOnlineList -==> Parameters: 12345678901234567890123456789126(String), 1(Integer)
2020-07-27 09:22:53 [http-nio-8090-exec-4] DEBUG com.nari.dhsm.dao.HardwareMapper.getSvOnlineList -<==      Total: 0
2020-07-27 09:24:46 [http-nio-8090-exec-9] INFO  com.nari.dhsm.controller.HardwareController -==== 获取SV/GOOSE实时量 ====
2020-07-27 09:24:46 [http-nio-8090-exec-9] DEBUG com.nari.dhsm.dao.HardwareMapper.getSvOnlineList -==>  Preparing: SELECT d1.id ,d1.device ,d1.board_id ,d1.alarm_flag ,d1.value ,d1.signal_id ,d1.src ,d1.valid ,i1.model ,i1.name ,b1.slot ,b1.plugin_type ,d2.value_type from dev_online_signal d1 left join info_protect_device i1 on d1.device = i1.id left join dev_hardware_template d2 on d1.signal_id = d2.id left join info_plugin_config b1 on d1.board_id = b1.id WHERE d1.device = ? AND b1.slot = ? AND d2.plugin_type = 'SV/GOOSE' ORDER BY d1.signal_id 
2020-07-27 09:24:46 [http-nio-8090-exec-9] DEBUG com.nari.dhsm.dao.HardwareMapper.getSvOnlineList -==> Parameters: 12345678901234567890123456789126(String), 4(Integer)
2020-07-27 09:24:46 [http-nio-8090-exec-9] DEBUG com.nari.dhsm.dao.HardwareMapper.getSvOnlineList -<==      Total: 0
2020-07-27 09:24:53 [http-nio-8090-exec-10] INFO  com.nari.dhsm.controller.HardwareController -==== 获取SV/GOOSE实时量 ====
2020-07-27 09:24:53 [http-nio-8090-exec-10] DEBUG com.nari.dhsm.dao.HardwareMapper.getCpuOnlineList -==>  Preparing: SELECT d1.id ,d1.device ,d1.board_id ,d1.alarm_flag ,d1.value ,d1.signal_id ,d1.src ,d1.valid ,i1.model ,i1.name ,b1.slot ,b1.plugin_type ,d2.value_type from dev_online_signal d1 left join info_protect_device i1 on d1.device = i1.id left join dev_hardware_template d2 on d1.signal_id = d2.id left join info_plugin_config b1 on d1.board_id = b1.id WHERE d1.device = ? AND b1.slot = ? AND d2.plugin_type = 'CPU' ORDER BY d1.signal_id 
2020-07-27 09:24:53 [http-nio-8090-exec-10] DEBUG com.nari.dhsm.dao.HardwareMapper.getCpuOnlineList -==> Parameters: 12345678901234567890123456789126(String), 4(Integer)
2020-07-27 09:24:53 [http-nio-8090-exec-10] DEBUG com.nari.dhsm.dao.HardwareMapper.getCpuOnlineList -<==      Total: 0
2020-07-27 09:25:00 [http-nio-8090-exec-1] INFO  com.nari.dhsm.controller.HardwareController -==== 获取SV/GOOSE实时量 ====
2020-07-27 09:25:00 [http-nio-8090-exec-1] DEBUG com.nari.dhsm.dao.HardwareMapper.getCpuOnlineList -==>  Preparing: SELECT d1.id ,d1.device ,d1.board_id ,d1.alarm_flag ,d1.value ,d1.signal_id ,d1.src ,d1.valid ,i1.model ,i1.name ,b1.slot ,b1.plugin_type ,d2.value_type from dev_online_signal d1 left join info_protect_device i1 on d1.device = i1.id left join dev_hardware_template d2 on d1.signal_id = d2.id left join info_plugin_config b1 on d1.board_id = b1.id WHERE d1.device = ? AND b1.slot = ? AND d2.plugin_type = 'CPU' ORDER BY d1.signal_id 
2020-07-27 09:25:00 [http-nio-8090-exec-1] DEBUG com.nari.dhsm.dao.HardwareMapper.getCpuOnlineList -==> Parameters: 12345678901234567890123456789126(String), 1(Integer)
2020-07-27 09:25:00 [http-nio-8090-exec-1] DEBUG com.nari.dhsm.dao.HardwareMapper.getCpuOnlineList -<==      Total: 1
2020-07-27 09:25:46 [restartedMain] INFO  com.nari.dhsm.DhsmApplication -Starting DhsmApplication on LAPTOP-26S97N14 with PID 13160 (D:\workspace\dhsm\target\classes started by yinyx in D:\workspace\dhsm)
2020-07-27 09:25:46 [restartedMain] DEBUG com.nari.dhsm.DhsmApplication -Running with Spring Boot v2.3.1.RELEASE, Spring v5.2.7.RELEASE
2020-07-27 09:25:46 [restartedMain] INFO  com.nari.dhsm.DhsmApplication -No active profile set, falling back to default profiles: default
2020-07-27 09:25:48 [restartedMain] INFO  com.nari.dhsm.DhsmApplication -Started DhsmApplication in 2.031 seconds (JVM running for 1180.334)
2020-07-27 09:26:12 [restartedMain] INFO  com.nari.dhsm.DhsmApplication -Starting DhsmApplication on LAPTOP-26S97N14 with PID 13160 (D:\workspace\dhsm\target\classes started by yinyx in D:\workspace\dhsm)
2020-07-27 09:26:12 [restartedMain] DEBUG com.nari.dhsm.DhsmApplication -Running with Spring Boot v2.3.1.RELEASE, Spring v5.2.7.RELEASE
2020-07-27 09:26:12 [restartedMain] INFO  com.nari.dhsm.DhsmApplication -No active profile set, falling back to default profiles: default
2020-07-27 09:26:14 [restartedMain] INFO  com.nari.dhsm.DhsmApplication -Started DhsmApplication in 2.394 seconds (JVM running for 1206.384)
2020-07-27 09:26:15 [http-nio-8090-exec-4] INFO  com.nari.dhsm.controller.HardwareController -==== 获取SV/GOOSE实时量 ====
2020-07-27 09:26:15 [http-nio-8090-exec-4] DEBUG com.nari.dhsm.dao.HardwareMapper.getCpuOnlineList -==>  Preparing: SELECT d1.id ,d1.device ,d1.board_id ,d1.alarm_flag ,d1.value ,d1.signal_id ,d1.src ,d1.valid ,i1.model ,i1.name ,b1.slot ,b1.plugin_type ,d2.value_type ,d2. from dev_online_signal d1 left join info_protect_device i1 on d1.device = i1.id left join dev_hardware_template d2 on d1.signal_id = d2.id left join info_plugin_config b1 on d1.board_id = b1.id WHERE d1.device = ? AND b1.slot = ? AND d2.plugin_type = 'CPU' ORDER BY d1.signal_id 
2020-07-27 09:26:15 [http-nio-8090-exec-4] DEBUG com.nari.dhsm.dao.HardwareMapper.getCpuOnlineList -==> Parameters: 12345678901234567890123456789126(String), 1(Integer)
2020-07-27 09:26:17 [restartedMain] INFO  com.nari.dhsm.DhsmApplication -Starting DhsmApplication on LAPTOP-26S97N14 with PID 13160 (D:\workspace\dhsm\target\classes started by yinyx in D:\workspace\dhsm)
2020-07-27 09:26:17 [restartedMain] DEBUG com.nari.dhsm.DhsmApplication -Running with Spring Boot v2.3.1.RELEASE, Spring v5.2.7.RELEASE
2020-07-27 09:26:17 [restartedMain] INFO  com.nari.dhsm.DhsmApplication -No active profile set, falling back to default profiles: default
2020-07-27 09:26:19 [restartedMain] INFO  com.nari.dhsm.DhsmApplication -Started DhsmApplication in 1.769 seconds (JVM running for 1211.362)
2020-07-27 09:26:19 [http-nio-8090-exec-2] INFO  com.nari.dhsm.controller.HardwareController -==== 获取SV/GOOSE实时量 ====
2020-07-27 09:26:19 [http-nio-8090-exec-2] DEBUG com.nari.dhsm.dao.HardwareMapper.getCpuOnlineList -==>  Preparing: SELECT d1.id ,d1.device ,d1.board_id ,d1.alarm_flag ,d1.value ,d1.signal_id ,d1.src ,d1.valid ,i1.model ,i1.name ,b1.slot ,b1.plugin_type ,d2.value_type ,d2.monitor_item from dev_online_signal d1 left join info_protect_device i1 on d1.device = i1.id left join dev_hardware_template d2 on d1.signal_id = d2.id left join info_plugin_config b1 on d1.board_id = b1.id WHERE d1.device = ? AND b1.slot = ? AND d2.plugin_type = 'CPU' ORDER BY d1.signal_id 
2020-07-27 09:26:19 [http-nio-8090-exec-2] DEBUG com.nari.dhsm.dao.HardwareMapper.getCpuOnlineList -==> Parameters: 12345678901234567890123456789126(String), 1(Integer)
2020-07-27 09:26:19 [http-nio-8090-exec-2] DEBUG com.nari.dhsm.dao.HardwareMapper.getCpuOnlineList -<==      Total: 1
